[00:00:13] [Server thread/INFO] [net.minecraft.server.dedicated.DedicatedServer]: [moltgames: Teleported moltgames to SiSoyAPA]
[00:00:14] [Server thread/INFO] [FML]: Loading dimension -1 (world) (net.minecraft.server.dedicated.DedicatedServer@523f223f)
[00:00:17] [Server thread/INFO] [ebwizardry]: Sending global donation perk settings to SiSoyAPA
[00:00:17] [Server thread/INFO] [ebwizardry]: Synchronising advancements for SiSoyAPA
[00:00:17] [Server thread/INFO] [net.minecraft.server.dedicated.DedicatedServer]: SiSoyAPA has made the advancement [We Need to Go Deeper]
[00:00:17] [Server thread/INFO] [ebwizardry]: Synchronising advancements for SiSoyAPA
[00:00:17] [Server thread/INFO] [ebwizardry]: Synchronising spell emitters for SiSoyAPA
[00:00:17] [Server thread/WARN] [net.minecraft.server.MinecraftServer]: Can't keep up! Did the system time change, or is the server overloaded? Running 3331ms behind, skipping 66 tick(s)
[00:00:18] [Server thread/WARN] [net.minecraft.network.NetHandlerPlayServer]: SiSoyAPA moved too quickly! 1021.7870349801524,0.0,-952.6350569750155
[00:02:53] [Server thread/INFO] [ebwizardry]: Sending global donation perk settings to SiSoyAPA
[00:02:53] [Server thread/INFO] [ebwizardry]: Synchronising spell emitters for SiSoyAPA
[00:02:54] [Server thread/INFO] [FML]: Unloading dimension -1
[00:03:59] [Server thread/WARN] [net.minecraft.entity.EntityTrackerEntry]: Fetching addPacket for removed entity
[00:04:01] [Server thread/INFO] [net.minecraft.server.dedicated.DedicatedServer]: SiSoyAPA has made the advancement [Geologically Mechanical]
[00:04:01] [Server thread/INFO] [ebwizardry]: Synchronising advancements for SiSoyAPA
[00:07:04] [Server thread/INFO] [net.minecraft.server.dedicated.DedicatedServer]: moltgames has made the advancement [Hot Stuff]
[00:07:04] [Server thread/INFO] [ebwizardry]: Synchronising advancements for moltgames
[00:07:49] [Server thread/WARN] [FML]: Biomes You Go  loaded a new chunk [-89, 58] in dimension 0 (overworld) while populating chunk [-88, 59], causing cascading worldgen lag.
[00:07:49] [Server thread/WARN] [FML]: Please report this to the mod's issue tracker. This log can be disabled in the Forge config.
[00:07:49] [Server thread/WARN] [FML]: Biomes You Go  loaded a new chunk [-89, 57] in dimension 0 (overworld) while populating chunk [-89, 58], causing cascading worldgen lag.
[00:07:49] [Server thread/WARN] [FML]: Please report this to the mod's issue tracker. This log can be disabled in the Forge config.
[00:07:49] [Server thread/WARN] [FML]: Biomes You Go  loaded a new chunk [-88, 58] in dimension 0 (overworld) while populating chunk [-89, 57], causing cascading worldgen lag.
[00:07:49] [Server thread/WARN] [FML]: Please report this to the mod's issue tracker. This log can be disabled in the Forge config.
[00:08:59] [Server thread/INFO] [net.minecraft.server.dedicated.DedicatedServer]: [moltgames: Teleported SiSoyAPA to moltgames]
[00:13:15] [Server thread/WARN] [net.minecraft.entity.EntityTrackerEntry]: Fetching addPacket for removed entity
[00:14:31] [Server thread/WARN] [FML]: Quark loaded a new chunk [-4, 123] in dimension 0 (overworld) while populating chunk [-3, 123], causing cascading worldgen lag.
[00:14:31] [Server thread/WARN] [FML]: Please report this to the mod's issue tracker. This log can be disabled in the Forge config.
[00:15:19] [Server thread/INFO] [net.minecraft.server.dedicated.DedicatedServer]: [moltgames: Teleported moltgames to SiSoyAPA]
[00:15:57] [Server thread/INFO] [net.minecraft.server.dedicated.DedicatedServer]: [moltgames: Teleported moltgames to SiSoyAPA]
[00:16:20] [Server thread/INFO] [net.minecraft.server.dedicated.DedicatedServer]: [moltgames: Teleported moltgames to SiSoyAPA]
[00:17:17] [Server thread/WARN] [FML]: Quark loaded a new chunk [-8, 80] in dimension 0 (overworld) while populating chunk [-8, 81], causing cascading worldgen lag.
[00:17:17] [Server thread/WARN] [FML]: Please report this to the mod's issue tracker. This log can be disabled in the Forge config.
[00:17:17] [Server thread/WARN] [FML]: Quark loaded a new chunk [-9, 81] in dimension 0 (overworld) while populating chunk [-8, 81], causing cascading worldgen lag.
[00:17:17] [Server thread/WARN] [FML]: Please report this to the mod's issue tracker. This log can be disabled in the Forge config.
[00:17:17] [Server thread/WARN] [FML]: Quark loaded a new chunk [-9, 80] in dimension 0 (overworld) while populating chunk [-8, 81], causing cascading worldgen lag.
[00:17:17] [Server thread/WARN] [FML]: Please report this to the mod's issue tracker. This log can be disabled in the Forge config.
[00:17:17] [Server thread/WARN] [FML]: Quark loaded a new chunk [-10, 81] in dimension 0 (overworld) while populating chunk [-8, 81], causing cascading worldgen lag.
[00:17:17] [Server thread/WARN] [FML]: Please report this to the mod's issue tracker. This log can be disabled in the Forge config.
[00:17:17] [Server thread/WARN] [FML]: Quark loaded a new chunk [-10, 80] in dimension 0 (overworld) while populating chunk [-8, 81], causing cascading worldgen lag.
[00:17:17] [Server thread/WARN] [FML]: Please report this to the mod's issue tracker. This log can be disabled in the Forge config.
[00:17:28] [Server thread/WARN] [net.minecraft.entity.EntityTrackerEntry]: Fetching addPacket for removed entity
[00:18:32] [Server thread/WARN] [FML]: Biomes You Go  loaded a new chunk [-6, 73] in dimension 0 (overworld) while populating chunk [-5, 73], causing cascading worldgen lag.
[00:18:32] [Server thread/WARN] [FML]: Please report this to the mod's issue tracker. This log can be disabled in the Forge config.
[00:18:34] [Server thread/WARN] [FML]: Biomes You Go  loaded a new chunk [-1, 72] in dimension 0 (overworld) while populating chunk [0, 72], causing cascading worldgen lag.
[00:18:34] [Server thread/WARN] [FML]: Please report this to the mod's issue tracker. This log can be disabled in the Forge config.
[00:18:34] [Server thread/WARN] [FML]: Biomes You Go  loaded a new chunk [-2, 72] in dimension 0 (overworld) while populating chunk [-1, 72], causing cascading worldgen lag.
[00:18:34] [Server thread/WARN] [FML]: Please report this to the mod's issue tracker. This log can be disabled in the Forge config.
[00:18:34] [Server thread/WARN] [FML]: Biomes You Go  loaded a new chunk [-3, 72] in dimension 0 (overworld) while populating chunk [-1, 72], causing cascading worldgen lag.
[00:18:34] [Server thread/WARN] [FML]: Please report this to the mod's issue tracker. This log can be disabled in the Forge config.
[00:18:34] [Server thread/WARN] [FML]: Biomes You Go  loaded a new chunk [-1, 71] in dimension 0 (overworld) while populating chunk [-1, 72], causing cascading worldgen lag.
[00:18:34] [Server thread/WARN] [FML]: Please report this to the mod's issue tracker. This log can be disabled in the Forge config.
[00:18:34] [Server thread/WARN] [FML]: Biomes You Go  loaded a new chunk [-6, 72] in dimension 0 (overworld) while populating chunk [-5, 72], causing cascading worldgen lag.
[00:18:34] [Server thread/WARN] [FML]: Please report this to the mod's issue tracker. This log can be disabled in the Forge config.
[00:18:34] [Server thread/WARN] [FML]: Biomes You Go  loaded a new chunk [-5, 71] in dimension 0 (overworld) while populating chunk [-5, 72], causing cascading worldgen lag.
[00:18:34] [Server thread/WARN] [FML]: Please report this to the mod's issue tracker. This log can be disabled in the Forge config.
[00:18:37] [Server thread/WARN] [FML]: Biomes You Go  loaded a new chunk [0, 70] in dimension 0 (overworld) while populating chunk [0, 71], causing cascading worldgen lag.
[00:18:37] [Server thread/WARN] [FML]: Please report this to the mod's issue tracker. This log can be disabled in the Forge config.
[00:18:37] [Server thread/WARN] [FML]: Biomes You Go  loaded a new chunk [-1, 70] in dimension 0 (overworld) while populating chunk [0, 71], causing cascading worldgen lag.
[00:18:37] [Server thread/WARN] [FML]: Please report this to the mod's issue tracker. This log can be disabled in the Forge config.
[00:18:44] [Server thread/INFO] [net.minecraft.server.dedicated.DedicatedServer]: moltgames has made the advancement [Taxidermist]
[00:18:44] [Server thread/INFO] [ebwizardry]: Synchronising advancements for moltgames
[00:18:56] [Server thread/INFO] [net.minecraft.server.dedicated.DedicatedServer]: [moltgames: Teleported moltgames to SiSoyAPA]
[00:19:49] [Server thread/INFO] [net.minecraft.server.dedicated.DedicatedServer]: [moltgames: Set own game mode to Spectator Mode]
[00:19:52] [Server thread/WARN] [net.minecraft.entity.EntityTrackerEntry]: Fetching addPacket for removed entity
[00:19:52] [Server thread/WARN] [net.minecraft.entity.EntityTrackerEntry]: Fetching addPacket for removed entity
[00:20:08] [Server thread/INFO] [ebwizardry]: Synchronising advancements for moltgames
[00:20:44] [Server thread/INFO] [net.minecraft.server.dedicated.DedicatedServer]: [moltgames: Set own game mode to Survival Mode]
[00:25:38] [Server thread/INFO] [net.minecraft.server.dedicated.DedicatedServer]: moltgames has made the advancement [Knowledge of Death]
[00:25:38] [Server thread/INFO] [ebwizardry]: Synchronising advancements for moltgames
[00:25:38] [Server thread/INFO] [net.minecraft.server.dedicated.DedicatedServer]: moltgames has made the advancement [Ashes 'n Bones]
[00:25:38] [Server thread/INFO] [ebwizardry]: Synchronising advancements for moltgames
[00:25:56] [Server thread/INFO] [net.minecraft.server.dedicated.DedicatedServer]: moltgames has made the advancement [Knowledge raises the soul]
[00:25:56] [Server thread/INFO] [ebwizardry]: Synchronising advancements for moltgames
[00:30:49] [Server thread/INFO] [net.minecraft.network.NetHandlerPlayServer]: SiSoyAPA lost connection: Disconnected
[00:30:49] [Server thread/INFO] [net.minecraft.server.dedicated.DedicatedServer]: SiSoyAPA left the game
[00:34:40] [Server thread/INFO] [net.minecraft.server.dedicated.DedicatedServer]: [moltgames: Set own game mode to Creative Mode]
[00:34:59] [Server thread/INFO] [net.minecraft.server.dedicated.DedicatedServer]: [moltgames: Set own game mode to Survival Mode]
[00:35:07] [Server thread/INFO] [net.minecraft.server.dedicated.DedicatedServer]: [moltgames: Set own game mode to Spectator Mode]
[00:35:52] [Server thread/INFO] [net.minecraft.server.dedicated.DedicatedServer]: [moltgames: Set own game mode to Survival Mode]
